<?xml version="1.0" encoding="UTF-8"?>
<testsuite name="client.repo.AppTest" tests="1" skipped="0" failures="0" errors="0" timestamp="2022-06-01T11:10:30" hostname="LAPTOP-KNM908CB" time="0.004">
  <properties/>
  <testcase name="testAppHasAGreeting" classname="client.repo.AppTest" time="0.004"/>
  <system-out><![CDATA[]]></system-out>
  <system-err><![CDATA[]]></system-err>
</testsuite>
